<?xml version="1.0" encoding="UTF-8"?>
<testsuite name="JUnit Jupiter" tests="43" skipped="1" failures="0" errors="0" time="24.84" hostname="nsdev-20" timestamp="2020-02-10T15:42:50">
<properties>
[...]
</properties>
<testcase name="testCopyEmptyDirectoryIntoAnotherDirectory()" classname="com.extreme.utils.TestFileUtils" time="0.035">
<system-out><![CDATA[
unique-id: [engine:junit-jupiter]/[class:com.extreme.utils.TestFileUtils]/[method:testCopyEmptyDirectoryIntoAnotherDirectory()]
display-name: testCopyEmptyDirectoryIntoAnotherDirectory()
]]></system-out>
</testcase>
<testcase name="testCopyFileWithNonMatchingFileFilter()" classname="com.extreme.utils.TestFileUtils" time="0.004">
<system-out><![CDATA[
unique-id: [engine:junit-jupiter]/[class:com.extreme.utils.TestFileUtils]/[method:testCopyFileWithNonMatchingFileFilter()]
display-name: testCopyFileWithNonMatchingFileFilter()
]]></system-out>
</testcase>
<testcase name="testCopyDirectoryWithNullDest()" classname="com.extreme.utils.TestFileUtils" time="0.002">
<system-out><![CDATA[
unique-id: [engine:junit-jupiter]/[class:com.extreme.utils.TestFileUtils]/[method:testCopyDirectoryWithNullDest()]
display-name: testCopyDirectoryWithNullDest()
]]></system-out>
</testcase>
<testcase name="testCopyDirectoryIntoAnotherDirectory()" classname="com.extreme.utils.TestFileUtils" time="0.002">
<system-out><![CDATA[
unique-id: [engine:junit-jupiter]/[class:com.extreme.utils.TestFileUtils]/[method:testCopyDirectoryIntoAnotherDirectory()]
display-name: testCopyDirectoryIntoAnotherDirectory()
]]></system-out>
</testcase>
<testcase name="testCopyDirectoryWithNullSource()" classname="com.extreme.utils.TestFileUtils" time="0.001">
<system-out><![CDATA[
unique-id: [engine:junit-jupiter]/[class:com.extreme.utils.TestFileUtils]/[method:testCopyDirectoryWithNullSource()]
display-name: testCopyDirectoryWithNullSource()
]]></system-out>
</testcase>
<testcase name="testCopyFileIntoAnotherDirectory()" classname="com.extreme.utils.TestFileUtils" time="0.002">
<system-out><![CDATA[
unique-id: [engine:junit-jupiter]/[class:com.extreme.utils.TestFileUtils]/[method:testCopyFileIntoAnotherDirectory()]
display-name: testCopyFileIntoAnotherDirectory()
]]></system-out>
</testcase>
<testcase name="testCopyFileWithMatchingFileFilter()" classname="com.extreme.utils.TestFileUtils" time="0.001">
<system-out><![CDATA[
unique-id: [engine:junit-jupiter]/[class:com.extreme.utils.TestFileUtils]/[method:testCopyFileWithMatchingFileFilter()]
display-name: testCopyFileWithMatchingFileFilter()
]]></system-out>
</testcase>
<testcase name="testCreateProfile(String)[1]" classname="com.extreme.nbi.mutations.admin.AdminMutationTests" time="0.302">
<system-out><![CDATA[
unique-id: [engine:junit-jupiter]/[class:com.extreme.nbi.mutations.admin.AdminMutationTests]/[test-template:testCreateProfile(java.lang.String)]/[test-template-invocation:#1]
display-name: 1 => 'mutation { administration {  createCliProfiles(input: {   profiles: [{      userName: "TEST"      protocolType: SSH      description: "ssh profile"      loginPassword:  "login"      enablePassword: "enable"      configPassword: "config"}]}){  status}}}'
]]></system-out>
</testcase>
<testcase name="testSingleLookup()" classname="com.extreme.analytics.TestLocations" time="0.225">
<system-out><![CDATA[
unique-id: [engine:junit-jupiter]/[class:com.extreme.analytics.TestLocations]/[method:testSingleLookup()]
display-name: testSingleLookup()
]]></system-out>
</testcase>
<testcase name="testSubmasks()" classname="com.extreme.analytics.TestLocations" time="0.001">
<system-out><![CDATA[
unique-id: [engine:junit-jupiter]/[class:com.extreme.analytics.TestLocations]/[method:testSubmasks()]
display-name: testSubmasks()
]]></system-out>
</testcase>
<testcase name="test20kLocations()" classname="com.extreme.analytics.TestLocations" time="0.313">
<system-out><![CDATA[
unique-id: [engine:junit-jupiter]/[class:com.extreme.analytics.TestLocations]/[method:test20kLocations()]
display-name: test20kLocations()
]]></system-out>
</testcase>
<testcase name="testJSONMasks()" classname="com.extreme.analytics.TestLocations" time="0.016">
<system-out><![CDATA[
unique-id: [engine:junit-jupiter]/[class:com.extreme.analytics.TestLocations]/[method:testJSONMasks()]
display-name: testJSONMasks()
]]></system-out>
</testcase>
<testcase name="testInsert()" classname="com.extreme.analytics.TestLocations" time="0">
<system-out><![CDATA[
unique-id: [engine:junit-jupiter]/[class:com.extreme.analytics.TestLocations]/[method:testInsert()]
display-name: testInsert()
]]></system-out>
</testcase>
<testcase name="serverInfo(String)[1]" classname="com.extreme.nbi.queries.admin.AdminQueryTests" time="0.038">
<system-out><![CDATA[
unique-id: [engine:junit-jupiter]/[class:com.extreme.nbi.queries.admin.AdminQueryTests]/[test-template:serverInfo(java.lang.String)]/[test-template-invocation:#1]
display-name: 1 => '{serverInfo { version } }'
]]></system-out>
</testcase>
<testcase name="validateJsonFormat()" classname="com.extreme.vendorprofiles.ParseVendorsTest" time="0.07">
<system-out><![CDATA[
unique-id: [engine:junit-jupiter]/[class:com.extreme.vendorprofiles.ParseVendorsTest]/[method:validateJsonFormat()]
display-name: Validate JSON Format
]]></system-out>
</testcase>
<testcase name="verifyVendorDiagnosticLog()" classname="com.extreme.vendorprofiles.ParseVendorsTest" time="0">
<system-out><![CDATA[
unique-id: [engine:junit-jupiter]/[class:com.extreme.vendorprofiles.ParseVendorsTest]/[method:verifyVendorDiagnosticLog()]
display-name: Verify Vendor Diagnostic Log
]]></system-out>
</testcase>
<testcase name="verifyVendorMaps()" classname="com.extreme.vendorprofiles.ParseVendorsTest" time="0">
<system-out><![CDATA[
unique-id: [engine:junit-jupiter]/[class:com.extreme.vendorprofiles.ParseVendorsTest]/[method:verifyVendorMaps()]
display-name: Verify Cached Maps
]]></system-out>
</testcase>
<testcase name="verifyExtremeOwnedByOid()" classname="com.extreme.vendorprofiles.ParseVendorsTest" time="0">
<system-out><![CDATA[
unique-id: [engine:junit-jupiter]/[class:com.extreme.vendorprofiles.ParseVendorsTest]/[method:verifyExtremeOwnedByOid()]
display-name: Verify Extreme Owned
]]></system-out>
</testcase>
<testcase name="verifyDiagErrorCounts()" classname="com.extreme.vendorprofiles.ParseVendorsTest" time="0">
<system-out><![CDATA[
unique-id: [engine:junit-jupiter]/[class:com.extreme.vendorprofiles.ParseVendorsTest]/[method:verifyDiagErrorCounts()]
display-name: Verify Diagnostics Counters
]]></system-out>
</testcase>
<testcase name="checkForOrphans()" classname="com.extreme.vendorprofiles.ParseVendorsTest" time="0">
<system-out><![CDATA[
unique-id: [engine:junit-jupiter]/[class:com.extreme.vendorprofiles.ParseVendorsTest]/[method:checkForOrphans()]
display-name: Verify Orphan Counters
]]></system-out>
</testcase>
<testcase name="testGovOsTypes()" classname="com.extreme.vendorprofiles.ParseVendorsTest" time="0.816">
<system-out><![CDATA[
unique-id: [engine:junit-jupiter]/[class:com.extreme.vendorprofiles.ParseVendorsTest]/[method:testGovOsTypes()]
display-name: Validate and Generate Governance Device Identities
]]></system-out>
</testcase>
<testcase name="testClips()" classname="com.extreme.common.definition.TestFabricConfigValidator" time="0.04">
<system-out><![CDATA[
unique-id: [engine:junit-jupiter]/[class:com.extreme.common.definition.TestFabricConfigValidator]/[method:testClips()]
display-name: testClips()
]]></system-out>
</testcase>
<testcase name="testVlans()" classname="com.extreme.common.definition.TestFabricConfigValidator" time="0.005">
<system-out><![CDATA[
unique-id: [engine:junit-jupiter]/[class:com.extreme.common.definition.TestFabricConfigValidator]/[method:testVlans()]
display-name: testVlans()
]]></system-out>
</testcase>
<testcase name="testVrfs()" classname="com.extreme.common.definition.TestFabricConfigValidator" time="0.004">
<system-out><![CDATA[
unique-id: [engine:junit-jupiter]/[class:com.extreme.common.definition.TestFabricConfigValidator]/[method:testVrfs()]
display-name: testVrfs()
]]></system-out>
</testcase>
<testcase name="testL3Services()" classname="com.extreme.common.definition.TestFabricConfigValidator" time="0.004">
<system-out><![CDATA[
unique-id: [engine:junit-jupiter]/[class:com.extreme.common.definition.TestFabricConfigValidator]/[method:testL3Services()]
display-name: testL3Services()
]]></system-out>
</testcase>
<testcase name="testTopology()" classname="com.extreme.common.definition.TestFabricConfigValidator" time="0.003">
<system-out><![CDATA[
unique-id: [engine:junit-jupiter]/[class:com.extreme.common.definition.TestFabricConfigValidator]/[method:testTopology()]
display-name: testTopology()
]]></system-out>
</testcase>
<testcase name="testL2Services()" classname="com.extreme.common.definition.TestFabricConfigValidator" time="0.002">
<system-out><![CDATA[
unique-id: [engine:junit-jupiter]/[class:com.extreme.common.definition.TestFabricConfigValidator]/[method:testL2Services()]
display-name: testL2Services()
]]></system-out>
</testcase>
<testcase name="testInterfaces()" classname="com.extreme.common.definition.TestFabricConfigValidator" time="0.007">
<system-out><![CDATA[
unique-id: [engine:junit-jupiter]/[class:com.extreme.common.definition.TestFabricConfigValidator]/[method:testInterfaces()]
display-name: testInterfaces()
]]></system-out>
</testcase>
<testcase name="validateFlexViewFiles()" classname="com.extreme.vendorprofiles.ParseFlexViewsTest" time="6.065">
<system-out><![CDATA[
unique-id: [engine:junit-jupiter]/[class:com.extreme.vendorprofiles.ParseFlexViewsTest]/[method:validateFlexViewFiles()]
display-name: Validate FlexViews Format
]]></system-out>
</testcase>
<testcase name="validateFlexViewOids()" classname="com.extreme.vendorprofiles.ParseFlexViewsTest" time="0.878">
<system-out><![CDATA[
unique-id: [engine:junit-jupiter]/[class:com.extreme.vendorprofiles.ParseFlexViewsTest]/[method:validateFlexViewOids()]
display-name: Validate FlexView OIDs
]]></system-out>
</testcase>
<testcase name="textRawString()" classname="com.enterasys.netsight.util.TestSwitchAndPortLocation" time="0.002">
<system-out><![CDATA[
unique-id: [engine:junit-jupiter]/[class:com.enterasys.netsight.util.TestSwitchAndPortLocation]/[method:textRawString()]
display-name: textRawString()
]]></system-out>
</testcase>
<testcase name="testOldValidRange()" classname="com.enterasys.netsight.util.TestSwitchAndPortLocation" time="0.001">
<system-out><![CDATA[
unique-id: [engine:junit-jupiter]/[class:com.enterasys.netsight.util.TestSwitchAndPortLocation]/[method:testOldValidRange()]
display-name: testOldValidRange()
]]></system-out>
</testcase>
<testcase name="testIPv6()" classname="com.enterasys.netsight.util.TestSwitchAndPortLocation" time="0">
<skipped><![CDATA[Because we are using ':' as a separator, IPv6 is not yet supported for SwitchAndPortLocations.]]></skipped>
<system-out><![CDATA[
unique-id: [engine:junit-jupiter]/[class:com.enterasys.netsight.util.TestSwitchAndPortLocation]/[method:testIPv6()]
display-name: testIPv6()
]]></system-out>
</testcase>
<testcase name="testValidation()" classname="com.enterasys.netsight.util.TestSwitchAndPortLocation" time="0">
<system-out><![CDATA[
unique-id: [engine:junit-jupiter]/[class:com.enterasys.netsight.util.TestSwitchAndPortLocation]/[method:testValidation()]
display-name: testValidation()
]]></system-out>
</testcase>
<testcase name="testMultiplePortsAndShorthand()" classname="com.enterasys.netsight.util.TestSwitchAndPortLocation" time="0.001">
<system-out><![CDATA[
unique-id: [engine:junit-jupiter]/[class:com.enterasys.netsight.util.TestSwitchAndPortLocation]/[method:testMultiplePortsAndShorthand()]
display-name: testMultiplePortsAndShorthand()
]]></system-out>
</testcase>
<testcase name="testIpMask()" classname="com.enterasys.netsight.util.TestSwitchAndPortLocation" time="0">
<system-out><![CDATA[
unique-id: [engine:junit-jupiter]/[class:com.enterasys.netsight.util.TestSwitchAndPortLocation]/[method:testIpMask()]
display-name: testIpMask()
]]></system-out>
</testcase>
<testcase name="testMultiplePortSeparators()" classname="com.enterasys.netsight.util.TestSwitchAndPortLocation" time="0.001">
<system-out><![CDATA[
unique-id: [engine:junit-jupiter]/[class:com.enterasys.netsight.util.TestSwitchAndPortLocation]/[method:testMultiplePortSeparators()]
display-name: testMultiplePortSeparators()
]]></system-out>
</testcase>
<testcase name="testPortRange()" classname="com.enterasys.netsight.util.TestSwitchAndPortLocation" time="0">
<system-out><![CDATA[
unique-id: [engine:junit-jupiter]/[class:com.enterasys.netsight.util.TestSwitchAndPortLocation]/[method:testPortRange()]
display-name: testPortRange()
]]></system-out>
</testcase>
<testcase name="TestRangeAndWildcard()" classname="com.enterasys.netsight.util.TestPortRange" time="0">
<system-out><![CDATA[
unique-id: [engine:junit-jupiter]/[class:com.enterasys.netsight.util.TestPortRange]/[method:TestRangeAndWildcard()]
display-name: TestRangeAndWildcard()
]]></system-out>
</testcase>
<testcase name="TestWildcard()" classname="com.enterasys.netsight.util.TestPortRange" time="0">
<system-out><![CDATA[
unique-id: [engine:junit-jupiter]/[class:com.enterasys.netsight.util.TestPortRange]/[method:TestWildcard()]
display-name: TestWildcard()
]]></system-out>
</testcase>
<testcase name="TestRange()" classname="com.enterasys.netsight.util.TestPortRange" time="0.001">
<system-out><![CDATA[
unique-id: [engine:junit-jupiter]/[class:com.enterasys.netsight.util.TestPortRange]/[method:TestRange()]
display-name: TestRange()
]]></system-out>
</testcase>
<testcase name="testEquality()" classname="com.enterasys.netsight.util.TestPortRange" time="0">
<system-out><![CDATA[
unique-id: [engine:junit-jupiter]/[class:com.enterasys.netsight.util.TestPortRange]/[method:testEquality()]
display-name: testEquality()
]]></system-out>
</testcase>
<testcase name="TestSeparatorsExtractor()" classname="com.enterasys.netsight.util.TestPortRange" time="0">
<system-out><![CDATA[
unique-id: [engine:junit-jupiter]/[class:com.enterasys.netsight.util.TestPortRange]/[method:TestSeparatorsExtractor()]
display-name: TestSeparatorsExtractor()
]]></system-out>
</testcase>
<system-out><![CDATA[
unique-id: [engine:junit-jupiter]
display-name: JUnit Jupiter
]]></system-out>
</testsuite>
