<?xml version="1.0" encoding="UTF-8"?>
<testsuite name="JUnit Vintage" tests="17" skipped="0" failures="0" errors="0" time="0.153" hostname="nsdev-20" timestamp="2020-02-10T15:42:50">
<properties>
[...]
</properties>
<testcase name="test" classname="com.extreme.common.definition.TestL2ServiceData" time="0.048">
<system-out><![CDATA[
unique-id: [engine:junit-vintage]/[runner:com.extreme.common.definition.TestL2ServiceData]/[test:test(com.extreme.common.definition.TestL2ServiceData)]
display-name: test
]]></system-out>
</testcase>
<testcase name="testVrf" classname="com.extreme.common.definition.TestPreviewRow" time="0.002">
<system-out><![CDATA[
unique-id: [engine:junit-vintage]/[runner:com.extreme.common.definition.TestPreviewRow]/[test:testVrf(com.extreme.common.definition.TestPreviewRow)]
display-name: testVrf
]]></system-out>
</testcase>
<testcase name="testClip" classname="com.extreme.common.definition.TestPreviewRow" time="0">
<system-out><![CDATA[
unique-id: [engine:junit-vintage]/[runner:com.extreme.common.definition.TestPreviewRow]/[test:testClip(com.extreme.common.definition.TestPreviewRow)]
display-name: testClip
]]></system-out>
</testcase>
<testcase name="testVlan" classname="com.extreme.common.definition.TestPreviewRow" time="0.002">
<system-out><![CDATA[
unique-id: [engine:junit-vintage]/[runner:com.extreme.common.definition.TestPreviewRow]/[test:testVlan(com.extreme.common.definition.TestPreviewRow)]
display-name: testVlan
]]></system-out>
</testcase>
<testcase name="testL2Service" classname="com.extreme.common.definition.TestPreviewRow" time="0">
<system-out><![CDATA[
unique-id: [engine:junit-vintage]/[runner:com.extreme.common.definition.TestPreviewRow]/[test:testL2Service(com.extreme.common.definition.TestPreviewRow)]
display-name: testL2Service
]]></system-out>
</testcase>
<testcase name="testL3Service" classname="com.extreme.common.definition.TestPreviewRow" time="0.001">
<system-out><![CDATA[
unique-id: [engine:junit-vintage]/[runner:com.extreme.common.definition.TestPreviewRow]/[test:testL3Service(com.extreme.common.definition.TestPreviewRow)]
display-name: testL3Service
]]></system-out>
</testcase>
<testcase name="test" classname="com.extreme.common.definition.TestServiceApplication" time="0.034">
<system-out><![CDATA[
unique-id: [engine:junit-vintage]/[runner:com.extreme.common.definition.TestServiceApplication]/[test:test(com.extreme.common.definition.TestServiceApplication)]
display-name: test
]]></system-out>
</testcase>
<testcase name="test" classname="com.extreme.common.definition.TestServiceVlan" time="0.003">
<system-out><![CDATA[
unique-id: [engine:junit-vintage]/[runner:com.extreme.common.definition.TestServiceVlan]/[test:test(com.extreme.common.definition.TestServiceVlan)]
display-name: test
]]></system-out>
</testcase>
<testcase name="test" classname="com.extreme.common.definition.TestServiceVrf" time="0.002">
<system-out><![CDATA[
unique-id: [engine:junit-vintage]/[runner:com.extreme.common.definition.TestServiceVrf]/[test:test(com.extreme.common.definition.TestServiceVrf)]
display-name: test
]]></system-out>
</testcase>
<testcase name="test" classname="com.extreme.common.definition.TestServiceDefinition" time="0.013">
<system-out><![CDATA[
unique-id: [engine:junit-vintage]/[runner:com.extreme.common.definition.TestServiceDefinition]/[test:test(com.extreme.common.definition.TestServiceDefinition)]
display-name: test
]]></system-out>
</testcase>
<testcase name="test" classname="com.extreme.common.definition.TestFeatureSupport" time="0.002">
<system-out><![CDATA[
unique-id: [engine:junit-vintage]/[runner:com.extreme.common.definition.TestFeatureSupport]/[test:test(com.extreme.common.definition.TestFeatureSupport)]
display-name: test
]]></system-out>
</testcase>
<testcase name="test" classname="com.extreme.common.definition.TestL3ServiceData" time="0.002">
<system-out><![CDATA[
unique-id: [engine:junit-vintage]/[runner:com.extreme.common.definition.TestL3ServiceData]/[test:test(com.extreme.common.definition.TestL3ServiceData)]
display-name: test
]]></system-out>
</testcase>
<testcase name="test" classname="com.extreme.common.definition.TestVlanData" time="0.003">
<system-out><![CDATA[
unique-id: [engine:junit-vintage]/[runner:com.extreme.common.definition.TestVlanData]/[test:test(com.extreme.common.definition.TestVlanData)]
display-name: test
]]></system-out>
</testcase>
<testcase name="test" classname="com.extreme.common.definition.TestFabricData" time="0.005">
<system-out><![CDATA[
unique-id: [engine:junit-vintage]/[runner:com.extreme.common.definition.TestFabricData]/[test:test(com.extreme.common.definition.TestFabricData)]
display-name: test
]]></system-out>
</testcase>
<testcase name="test" classname="com.extreme.common.definition.TestPortTemplateData" time="0.009">
<system-out><![CDATA[
unique-id: [engine:junit-vintage]/[runner:com.extreme.common.definition.TestPortTemplateData]/[test:test(com.extreme.common.definition.TestPortTemplateData)]
display-name: test
]]></system-out>
</testcase>
<testcase name="testValidStrings" classname="com.enterasys.netsight.util.TestMacAddress" time="0.002">
<system-out><![CDATA[
unique-id: [engine:junit-vintage]/[runner:com.enterasys.netsight.util.TestMacAddress]/[test:testValidStrings(com.enterasys.netsight.util.TestMacAddress)]
display-name: testValidStrings
]]></system-out>
</testcase>
<testcase name="testNormalize" classname="com.enterasys.netsight.util.TestMacAddress" time="0">
<system-out><![CDATA[
unique-id: [engine:junit-vintage]/[runner:com.enterasys.netsight.util.TestMacAddress]/[test:testNormalize(com.enterasys.netsight.util.TestMacAddress)]
display-name: testNormalize
]]></system-out>
</testcase>
<system-out><![CDATA[
unique-id: [engine:junit-vintage]
display-name: JUnit Vintage
]]></system-out>
</testsuite>
